[1611576103.068][INFO]: Starting ChromeDriver 87.0.4280.88 (89e2380a3e36c3464b5dd1302349b1382549290d-refs/branch-heads/4280@{#1761}) on port 55781
[1611576103.068][INFO]: Please see https://chromedriver.chromium.org/security-considerations for suggestions on keeping ChromeDriver safe.
[1611576103.540][INFO]: [9c527dc19480f2eb847a8c05430cab8f] COMMAND InitSession {
   "capabilities": {
      "alwaysMatch": {
         "browserName": "chrome",
         "goog:chromeOptions": {
            "args": [  ],
            "extensions": [  ]
         },
         "platformName": "any"
      },
      "firstMatch": [ {

      } ]
   },
   "desiredCapabilities": {
      "browserName": "chrome",
      "goog:chromeOptions": {
         "args": [  ],
         "extensions": [  ]
      },
      "platform": "ANY",
      "version": ""
   }
}
[1611576103.545][INFO]: Populating Preferences file: {
   "alternate_error_pages": {
      "enabled": false
   },
   "autofill": {
      "enabled": false
   },
   "browser": {
      "check_default_browser": false
   },
   "distribution": {
      "import_bookmarks": false,
      "import_history": false,
      "import_search_engine": false,
      "make_chrome_default_for_user": false,
      "skip_first_run_ui": true
   },
   "dns_prefetching": {
      "enabled": false
   },
   "profile": {
      "content_settings": {
         "pattern_pairs": {
            "https://*,*": {
               "media-stream": {
                  "audio": "Default",
                  "video": "Default"
               }
            }
         }
      },
      "default_content_setting_values": {
         "geolocation": 1
      },
      "default_content_settings": {
         "geolocation": 1,
         "mouselock": 1,
         "notifications": 1,
         "popups": 1,
         "ppapi-broker": 1
      },
      "password_manager_enabled": false
   },
   "safebrowsing": {
      "enabled": false
   },
   "search": {
      "suggest_enabled": false
   },
   "translate": {
      "enabled": false
   }
}
[1611576103.547][INFO]: Populating Local State file: {
   "background_mode": {
      "enabled": false
   },
   "ssl": {
      "rev_checking": {
         "enabled": false
      }
   }
}
[1611576103.549][INFO]: Launching chrome: "C:\Program Files\Google\Chrome\Application\chrome.exe" --disable-background-networking --disable-backgrounding-occluded-windows --disable-client-side-phishing-detection --disable-default-apps --disable-hang-monitor --disable-popup-blocking --disable-prompt-on-repost --disable-sync --enable-automation --enable-blink-features=ShadowDOMV0 --enable-logging --log-level=0 --no-first-run --no-service-autorun --password-store=basic --remote-debugging-port=0 --test-type=webdriver --use-mock-keychain --user-data-dir="C:\Users\Vladimir\AppData\Local\Temp\scoped_dir11532_1670580654" data:,
[1611576104.733][WARNING]: This version of ChromeDriver has not been tested with Chrome version 88.
[1611576104.755][INFO]: resolved localhost to ["::1","127.0.0.1"]
[1611576106.835][INFO]: [9c527dc19480f2eb847a8c05430cab8f] RESPONSE InitSession {
   "capabilities": {
      "acceptInsecureCerts": false,
      "browserName": "chrome",
      "browserVersion": "88.0.4324.104",
      "chrome": {
         "chromedriverVersion": "87.0.4280.88 (89e2380a3e36c3464b5dd1302349b1382549290d-refs/branch-heads/4280@{#1761})",
         "userDataDir": "C:\\Users\\Vladimir\\AppData\\Local\\Temp\\scoped_dir11532_1670580654"
      },
      "goog:chromeOptions": {
         "debuggerAddress": "localhost:55787"
      },
      "networkConnectionEnabled": false,
      "pageLoadStrategy": "normal",
      "platformName": "windows",
      "proxy": {

      },
      "setWindowRect": true,
      "strictFileInteractability": false,
      "timeouts": {
         "implicit": 0,
         "pageLoad": 300000,
         "script": 30000
      },
      "unhandledPromptBehavior": "dismiss and notify",
      "webauthn:virtualAuthenticators": true
   },
   "sessionId": "9c527dc19480f2eb847a8c05430cab8f"
}
[1611576106.837][INFO]: [9c527dc19480f2eb847a8c05430cab8f] COMMAND Navigate {
   "url": "https://www.youtube.com"
}
[1611576106.839][INFO]: Waiting for pending navigations...
[1611576106.842][INFO]: Done waiting for pending navigations. Status: ok
[1611576107.278][INFO]: Waiting for pending navigations...
[1611576114.079][INFO]: Done waiting for pending navigations. Status: ok
[1611576114.079][INFO]: [9c527dc19480f2eb847a8c05430cab8f] RESPONSE Navigate
[1611576114.089][INFO]: [9c527dc19480f2eb847a8c05430cab8f] COMMAND SetTimeouts {
   "implicit": 60000
}
[1611576114.090][INFO]: [9c527dc19480f2eb847a8c05430cab8f] RESPONSE SetTimeouts
[1611576114.093][INFO]: [9c527dc19480f2eb847a8c05430cab8f] COMMAND FindElement {
   "using": "xpath",
   "value": "/html/body/ytd-app/div/div/ytd-masthead/div[3]/div[3]/div[2]/ytd-button-renderer/a/paper-button"
}
[1611576114.093][INFO]: Waiting for pending navigations...
[1611576114.111][INFO]: Done waiting for pending navigations. Status: ok
[1611576114.172][INFO]: Waiting for pending navigations...
[1611576114.175][INFO]: Done waiting for pending navigations. Status: ok
[1611576114.175][INFO]: [9c527dc19480f2eb847a8c05430cab8f] RESPONSE FindElement {
   "element-6066-11e4-a52e-4f735466cecf": "1ccc479f-329c-4dc7-bbca-785177a1064b"
}
[1611576114.178][INFO]: [9c527dc19480f2eb847a8c05430cab8f] COMMAND ClickElement {
   "id": "1ccc479f-329c-4dc7-bbca-785177a1064b"
}
[1611576114.178][INFO]: Waiting for pending navigations...
[1611576114.195][INFO]: Done waiting for pending navigations. Status: ok
[1611576114.482][INFO]: Waiting for pending navigations...
[1611576116.982][INFO]: Done waiting for pending navigations. Status: ok
[1611576116.982][INFO]: [9c527dc19480f2eb847a8c05430cab8f] RESPONSE ClickElement
[1611576116.985][INFO]: [9c527dc19480f2eb847a8c05430cab8f] COMMAND SetTimeouts {
   "implicit": 60000
}
[1611576116.986][INFO]: [9c527dc19480f2eb847a8c05430cab8f] RESPONSE SetTimeouts
[1611576116.988][INFO]: [9c527dc19480f2eb847a8c05430cab8f] COMMAND FindElement {
   "using": "css selector",
   "value": "[id=\"identifierId\"]"
}
[1611576116.988][INFO]: Waiting for pending navigations...
[1611576116.989][INFO]: Done waiting for pending navigations. Status: ok
[1611576117.003][INFO]: Waiting for pending navigations...
[1611576117.004][INFO]: Done waiting for pending navigations. Status: ok
[1611576117.004][INFO]: [9c527dc19480f2eb847a8c05430cab8f] RESPONSE FindElement {
   "element-6066-11e4-a52e-4f735466cecf": "a481bf6f-2620-41dd-97e6-5ae03b298cf1"
}
[1611576117.006][INFO]: [9c527dc19480f2eb847a8c05430cab8f] COMMAND TypeElement {
   "id": "a481bf6f-2620-41dd-97e6-5ae03b298cf1",
   "text": "zivcovek2021@gmail.com",
   "value": [ "z", "i", "v", "c", "o", "v", "e", "k", "2", "0", "2", "1", "@", "g", "m", "a", "i", "l", ".", "c", "o", "m" ]
}
[1611576117.006][INFO]: Waiting for pending navigations...
[1611576117.006][INFO]: Done waiting for pending navigations. Status: ok
[1611576117.243][INFO]: Waiting for pending navigations...
[1611576117.257][INFO]: Done waiting for pending navigations. Status: ok
[1611576117.258][INFO]: [9c527dc19480f2eb847a8c05430cab8f] RESPONSE TypeElement
[1611576119.260][INFO]: [9c527dc19480f2eb847a8c05430cab8f] COMMAND FindElement {
   "using": "css selector",
   "value": "[id=\"identifierNext\"]"
}
[1611576119.261][INFO]: Waiting for pending navigations...
[1611576119.261][INFO]: Done waiting for pending navigations. Status: ok
[1611576119.276][INFO]: Waiting for pending navigations...
[1611576119.277][INFO]: Done waiting for pending navigations. Status: ok
[1611576119.277][INFO]: [9c527dc19480f2eb847a8c05430cab8f] RESPONSE FindElement {
   "element-6066-11e4-a52e-4f735466cecf": "e3a7256b-cec5-4f50-aae0-cf625adb2ba3"
}
[1611576119.279][INFO]: [9c527dc19480f2eb847a8c05430cab8f] COMMAND ClickElement {
   "id": "e3a7256b-cec5-4f50-aae0-cf625adb2ba3"
}
[1611576119.279][INFO]: Waiting for pending navigations...
[1611576119.280][INFO]: Done waiting for pending navigations. Status: ok
[1611576119.368][INFO]: Waiting for pending navigations...
[1611576119.400][INFO]: Done waiting for pending navigations. Status: ok
[1611576119.400][INFO]: [9c527dc19480f2eb847a8c05430cab8f] RESPONSE ClickElement
[1611576121.412][INFO]: [9c527dc19480f2eb847a8c05430cab8f] COMMAND SetTimeouts {
   "implicit": 60000
}
[1611576121.412][INFO]: [9c527dc19480f2eb847a8c05430cab8f] RESPONSE SetTimeouts
[1611576121.413][INFO]: [9c527dc19480f2eb847a8c05430cab8f] COMMAND FindElement {
   "using": "css selector",
   "value": "[name=\"password\"]"
}
[1611576121.414][INFO]: Waiting for pending navigations...
[1611576121.415][INFO]: Done waiting for pending navigations. Status: ok
[1611576121.426][INFO]: Waiting for pending navigations...
[1611576121.426][INFO]: Done waiting for pending navigations. Status: ok
[1611576121.426][INFO]: [9c527dc19480f2eb847a8c05430cab8f] RESPONSE FindElement {
   "element-6066-11e4-a52e-4f735466cecf": "43419857-27f5-4754-b862-ba24e8869802"
}
[1611576121.428][INFO]: [9c527dc19480f2eb847a8c05430cab8f] COMMAND TypeElement {
   "id": "43419857-27f5-4754-b862-ba24e8869802",
   "text": "Y2F96kurKeI2",
   "value": [ "Y", "2", "F", "9", "6", "k", "u", "r", "K", "e", "I", "2" ]
}
[1611576121.428][INFO]: Waiting for pending navigations...
[1611576121.429][INFO]: Done waiting for pending navigations. Status: ok
[1611576121.519][INFO]: Waiting for pending navigations...
[1611576121.523][INFO]: Done waiting for pending navigations. Status: ok
[1611576121.523][INFO]: [9c527dc19480f2eb847a8c05430cab8f] RESPONSE TypeElement
[1611576123.526][INFO]: [9c527dc19480f2eb847a8c05430cab8f] COMMAND FindElement {
   "using": "css selector",
   "value": "[id=\"passwordNext\"]"
}
[1611576123.526][INFO]: Waiting for pending navigations...
[1611576123.527][INFO]: Done waiting for pending navigations. Status: ok
[1611576123.538][INFO]: Waiting for pending navigations...
[1611576123.539][INFO]: Done waiting for pending navigations. Status: ok
[1611576123.539][INFO]: [9c527dc19480f2eb847a8c05430cab8f] RESPONSE FindElement {
   "element-6066-11e4-a52e-4f735466cecf": "697591dc-cd27-4d53-8282-15e59da6ff5c"
}
[1611576123.540][INFO]: [9c527dc19480f2eb847a8c05430cab8f] COMMAND ClickElement {
   "id": "697591dc-cd27-4d53-8282-15e59da6ff5c"
}
[1611576123.540][INFO]: Waiting for pending navigations...
[1611576123.541][INFO]: Done waiting for pending navigations. Status: ok
[1611576123.618][INFO]: Waiting for pending navigations...
[1611576123.630][INFO]: Done waiting for pending navigations. Status: ok
[1611576123.630][INFO]: [9c527dc19480f2eb847a8c05430cab8f] RESPONSE ClickElement
[1611576128.646][INFO]: [9c527dc19480f2eb847a8c05430cab8f] COMMAND Navigate {
   "url": "https://studio.youtube.com"
}
[1611576128.647][INFO]: Waiting for pending navigations...
[1611576128.648][INFO]: Done waiting for pending navigations. Status: ok
[1611576129.263][INFO]: Waiting for pending navigations...
[1611576133.356][INFO]: Done waiting for pending navigations. Status: ok
[1611576133.356][INFO]: [9c527dc19480f2eb847a8c05430cab8f] RESPONSE Navigate
[1611576133.361][INFO]: [9c527dc19480f2eb847a8c05430cab8f] COMMAND SetTimeouts {
   "implicit": 60000
}
[1611576133.361][INFO]: [9c527dc19480f2eb847a8c05430cab8f] RESPONSE SetTimeouts
[1611576134.368][INFO]: [9c527dc19480f2eb847a8c05430cab8f] COMMAND FindElement {
   "using": "xpath",
   "value": "/html/body/ytcp-app/ytcp-entity-page/div/ytcp-header/header/div/ytcp-button"
}
[1611576134.368][INFO]: Waiting for pending navigations...
[1611576134.369][INFO]: Done waiting for pending navigations. Status: ok
[1611576134.387][INFO]: Waiting for pending navigations...
[1611576134.394][INFO]: Done waiting for pending navigations. Status: ok
[1611576134.395][INFO]: [9c527dc19480f2eb847a8c05430cab8f] RESPONSE FindElement {
   "element-6066-11e4-a52e-4f735466cecf": "4ab83667-df57-4071-bd86-7623817c4832"
}
[1611576134.397][INFO]: [9c527dc19480f2eb847a8c05430cab8f] COMMAND ClickElement {
   "id": "4ab83667-df57-4071-bd86-7623817c4832"
}
[1611576134.397][INFO]: Waiting for pending navigations...
[1611576134.400][INFO]: Done waiting for pending navigations. Status: ok
[1611576134.478][INFO]: Waiting for pending navigations...
[1611576134.522][INFO]: Done waiting for pending navigations. Status: ok
[1611576134.522][INFO]: [9c527dc19480f2eb847a8c05430cab8f] RESPONSE ClickElement
[1611576135.531][INFO]: [9c527dc19480f2eb847a8c05430cab8f] COMMAND SetTimeouts {
   "implicit": 60000
}
[1611576135.531][INFO]: [9c527dc19480f2eb847a8c05430cab8f] RESPONSE SetTimeouts
[1611576135.532][INFO]: [9c527dc19480f2eb847a8c05430cab8f] COMMAND FindElement {
   "using": "xpath",
   "value": "/html/body/ytcp-app/ytcp-entity-page/div/ytcp-header/header/div/ytcp-text-menu/paper-dialog/paper-listbox/paper-item[1]/ytcp-ve/div/div/yt-formatted-string"
}
[1611576135.532][INFO]: Waiting for pending navigations...
[1611576135.533][INFO]: Done waiting for pending navigations. Status: ok
[1611576135.550][INFO]: Waiting for pending navigations...
[1611576135.553][INFO]: Done waiting for pending navigations. Status: ok
[1611576135.553][INFO]: [9c527dc19480f2eb847a8c05430cab8f] RESPONSE FindElement {
   "element-6066-11e4-a52e-4f735466cecf": "7a1d7f4f-6f72-44b4-9ff2-e76c41f89822"
}
[1611576135.555][INFO]: [9c527dc19480f2eb847a8c05430cab8f] COMMAND ClickElement {
   "id": "7a1d7f4f-6f72-44b4-9ff2-e76c41f89822"
}
[1611576135.555][INFO]: Waiting for pending navigations...
[1611576135.556][INFO]: Done waiting for pending navigations. Status: ok
[1611576135.782][INFO]: Waiting for pending navigations...
[1611576135.850][INFO]: Done waiting for pending navigations. Status: ok
[1611576135.850][INFO]: [9c527dc19480f2eb847a8c05430cab8f] RESPONSE ClickElement
[1611576136.862][INFO]: [9c527dc19480f2eb847a8c05430cab8f] COMMAND SetTimeouts {
   "implicit": 60000
}
[1611576136.862][INFO]: [9c527dc19480f2eb847a8c05430cab8f] RESPONSE SetTimeouts
[1611576136.866][INFO]: [9c527dc19480f2eb847a8c05430cab8f] COMMAND FindElement {
   "using": "xpath",
   "value": "/html/body/ytcp-uploads-dialog/paper-dialog/div/ytcp-uploads-file-picker/div/ytcp-button/div"
}
[1611576136.868][INFO]: Waiting for pending navigations...
[1611576136.891][INFO]: Done waiting for pending navigations. Status: ok
[1611576136.929][INFO]: Waiting for pending navigations...
[1611576136.935][INFO]: Done waiting for pending navigations. Status: ok
[1611576136.935][INFO]: [9c527dc19480f2eb847a8c05430cab8f] RESPONSE FindElement {
   "element-6066-11e4-a52e-4f735466cecf": "cb31ec89-ee12-4577-8e65-208431de4c88"
}
[1611576136.937][INFO]: [9c527dc19480f2eb847a8c05430cab8f] COMMAND ClickElement {
   "id": "cb31ec89-ee12-4577-8e65-208431de4c88"
}
[1611576136.937][INFO]: Waiting for pending navigations...
[1611576136.938][INFO]: Done waiting for pending navigations. Status: ok
[1611576137.026][INFO]: Waiting for pending navigations...
[1611576137.039][INFO]: Done waiting for pending navigations. Status: ok
[1611576137.040][INFO]: [9c527dc19480f2eb847a8c05430cab8f] RESPONSE ClickElement
[1611576144.286][INFO]: [9c527dc19480f2eb847a8c05430cab8f] COMMAND SetTimeouts {
   "implicit": 60000
}
[1611576144.286][INFO]: [9c527dc19480f2eb847a8c05430cab8f] RESPONSE SetTimeouts
[1611576144.288][INFO]: [9c527dc19480f2eb847a8c05430cab8f] COMMAND FindElement {
   "using": "css selector",
   "value": "[id=\"textbox\"]"
}
[1611576144.289][INFO]: Waiting for pending navigations...
[1611576144.291][INFO]: Done waiting for pending navigations. Status: ok
[1611576147.551][INFO]: Waiting for pending navigations...
[1611576147.766][INFO]: Done waiting for pending navigations. Status: ok
[1611576147.766][INFO]: [9c527dc19480f2eb847a8c05430cab8f] RESPONSE FindElement {
   "element-6066-11e4-a52e-4f735466cecf": "04e3ffbc-30ff-4fcc-b296-6421f9257bc9"
}
[1611576147.769][INFO]: [9c527dc19480f2eb847a8c05430cab8f] COMMAND ClickElement {
   "id": "04e3ffbc-30ff-4fcc-b296-6421f9257bc9"
}
[1611576147.769][INFO]: Waiting for pending navigations...
[1611576147.858][INFO]: Done waiting for pending navigations. Status: ok
[1611576148.006][INFO]: Waiting for pending navigations...
[1611576148.015][INFO]: Done waiting for pending navigations. Status: ok
[1611576148.015][INFO]: [9c527dc19480f2eb847a8c05430cab8f] RESPONSE ClickElement
[1611576148.517][INFO]: [9c527dc19480f2eb847a8c05430cab8f] COMMAND ClearElement {
   "id": "04e3ffbc-30ff-4fcc-b296-6421f9257bc9"
}
[1611576148.517][INFO]: Waiting for pending navigations...
[1611576148.518][INFO]: Done waiting for pending navigations. Status: ok
[1611576148.532][INFO]: 
	=== NOTE: ===
	The Clear command in ChromeDriver 2.43 and above
	has been updated to conform to the current standard,
	including raising blur event after clearing.

[1611576148.549][INFO]: Waiting for pending navigations...
[1611576148.554][INFO]: Done waiting for pending navigations. Status: ok
[1611576148.554][INFO]: [9c527dc19480f2eb847a8c05430cab8f] RESPONSE ClearElement
[1611576148.556][INFO]: [9c527dc19480f2eb847a8c05430cab8f] COMMAND TypeElement {
   "id": "04e3ffbc-30ff-4fcc-b296-6421f9257bc9",
   "text": "Miran Rubin - 2021-01-25",
   "value": [ "M", "i", "r", "a", "n", " ", "R", "u", "b", "i", "n", " ", "-", " ", "2", "0", "2", "1", "-", "0", "1", "-", "2", "5" ]
}
[1611576148.556][INFO]: Waiting for pending navigations...
[1611576148.557][INFO]: Done waiting for pending navigations. Status: ok
[1611576148.984][INFO]: Waiting for pending navigations...
[1611576148.997][INFO]: Done waiting for pending navigations. Status: ok
[1611576148.997][INFO]: [9c527dc19480f2eb847a8c05430cab8f] RESPONSE TypeElement
[1611576150.013][INFO]: [9c527dc19480f2eb847a8c05430cab8f] COMMAND SetTimeouts {
   "implicit": 60000
}
[1611576150.013][INFO]: [9c527dc19480f2eb847a8c05430cab8f] RESPONSE SetTimeouts
[1611576150.015][INFO]: [9c527dc19480f2eb847a8c05430cab8f] COMMAND FindElement {
   "using": "xpath",
   "value": "/html/body/ytcp-uploads-dialog/paper-dialog/div/ytcp-animatable[1]/ytcp-uploads-details/div/ytcp-uploads-basics/ytcp-form-audience/ytcp-audience-picker/div[4]/paper-radio-group/paper-radio-button[2]/div[2]"
}
[1611576150.015][INFO]: Waiting for pending navigations...
[1611576150.015][INFO]: Done waiting for pending navigations. Status: ok
[1611576150.033][INFO]: Waiting for pending navigations...
[1611576150.034][INFO]: Done waiting for pending navigations. Status: ok
[1611576150.034][INFO]: [9c527dc19480f2eb847a8c05430cab8f] RESPONSE FindElement {
   "element-6066-11e4-a52e-4f735466cecf": "fdbdbfcb-3125-4e7c-beed-0deda5af0648"
}
[1611576150.036][INFO]: [9c527dc19480f2eb847a8c05430cab8f] COMMAND ClickElement {
   "id": "fdbdbfcb-3125-4e7c-beed-0deda5af0648"
}
[1611576150.036][INFO]: Waiting for pending navigations...
[1611576150.037][INFO]: Done waiting for pending navigations. Status: ok
[1611576150.122][INFO]: Waiting for pending navigations...
[1611576150.154][INFO]: Done waiting for pending navigations. Status: ok
[1611576150.155][INFO]: [9c527dc19480f2eb847a8c05430cab8f] RESPONSE ClickElement
[1611576151.164][INFO]: [9c527dc19480f2eb847a8c05430cab8f] COMMAND SetTimeouts {
   "implicit": 60000
}
[1611576151.165][INFO]: [9c527dc19480f2eb847a8c05430cab8f] RESPONSE SetTimeouts
[1611576151.166][INFO]: [9c527dc19480f2eb847a8c05430cab8f] COMMAND FindElement {
   "using": "css selector",
   "value": "[id=\"next-button\"]"
}
[1611576151.166][INFO]: Waiting for pending navigations...
[1611576151.168][INFO]: Done waiting for pending navigations. Status: ok
[1611576151.180][INFO]: Waiting for pending navigations...
[1611576151.183][INFO]: Done waiting for pending navigations. Status: ok
[1611576151.184][INFO]: [9c527dc19480f2eb847a8c05430cab8f] RESPONSE FindElement {
   "element-6066-11e4-a52e-4f735466cecf": "e6a454e9-942e-42d0-954d-0adb72298435"
}
[1611576151.185][INFO]: [9c527dc19480f2eb847a8c05430cab8f] COMMAND ClickElement {
   "id": "e6a454e9-942e-42d0-954d-0adb72298435"
}
[1611576151.185][INFO]: Waiting for pending navigations...
[1611576151.187][INFO]: Done waiting for pending navigations. Status: ok
[1611576151.298][INFO]: Waiting for pending navigations...
[1611576151.342][INFO]: Done waiting for pending navigations. Status: ok
[1611576151.342][INFO]: [9c527dc19480f2eb847a8c05430cab8f] RESPONSE ClickElement
[1611576152.352][INFO]: [9c527dc19480f2eb847a8c05430cab8f] COMMAND SetTimeouts {
   "implicit": 60000
}
[1611576152.352][INFO]: [9c527dc19480f2eb847a8c05430cab8f] RESPONSE SetTimeouts
[1611576152.353][INFO]: [9c527dc19480f2eb847a8c05430cab8f] COMMAND FindElement {
   "using": "css selector",
   "value": "[id=\"next-button\"]"
}
[1611576152.353][INFO]: Waiting for pending navigations...
[1611576152.354][INFO]: Done waiting for pending navigations. Status: ok
[1611576152.360][INFO]: Waiting for pending navigations...
[1611576152.361][INFO]: Done waiting for pending navigations. Status: ok
[1611576152.361][INFO]: [9c527dc19480f2eb847a8c05430cab8f] RESPONSE FindElement {
   "element-6066-11e4-a52e-4f735466cecf": "e6a454e9-942e-42d0-954d-0adb72298435"
}
[1611576152.363][INFO]: [9c527dc19480f2eb847a8c05430cab8f] COMMAND ClickElement {
   "id": "e6a454e9-942e-42d0-954d-0adb72298435"
}
[1611576152.363][INFO]: Waiting for pending navigations...
[1611576152.364][INFO]: Done waiting for pending navigations. Status: ok
[1611576152.471][INFO]: Waiting for pending navigations...
[1611576152.547][INFO]: Done waiting for pending navigations. Status: ok
[1611576152.547][INFO]: [9c527dc19480f2eb847a8c05430cab8f] RESPONSE ClickElement
[1611576153.564][INFO]: [9c527dc19480f2eb847a8c05430cab8f] COMMAND SetTimeouts {
   "implicit": 60000
}
[1611576153.564][INFO]: [9c527dc19480f2eb847a8c05430cab8f] RESPONSE SetTimeouts
[1611576153.565][INFO]: [9c527dc19480f2eb847a8c05430cab8f] COMMAND FindElement {
   "using": "xpath",
   "value": "/html/body/ytcp-uploads-dialog/paper-dialog/div/ytcp-animatable[1]/ytcp-uploads-review/div[2]/div[1]/ytcp-video-visibility-select/div[1]/paper-radio-group/paper-radio-button[1]/div[2]"
}
[1611576153.566][INFO]: Waiting for pending navigations...
[1611576153.567][INFO]: Done waiting for pending navigations. Status: ok
[1611576153.585][INFO]: Waiting for pending navigations...
[1611576153.588][INFO]: Done waiting for pending navigations. Status: ok
[1611576153.588][INFO]: [9c527dc19480f2eb847a8c05430cab8f] RESPONSE FindElement {
   "element-6066-11e4-a52e-4f735466cecf": "1c73d0b0-570e-4a5e-9c56-783322f9fc16"
}
[1611576153.589][INFO]: [9c527dc19480f2eb847a8c05430cab8f] COMMAND ClickElement {
   "id": "1c73d0b0-570e-4a5e-9c56-783322f9fc16"
}
[1611576153.589][INFO]: Waiting for pending navigations...
[1611576153.590][INFO]: Done waiting for pending navigations. Status: ok
[1611576153.671][INFO]: Waiting for pending navigations...
[1611576153.690][INFO]: Done waiting for pending navigations. Status: ok
[1611576153.690][INFO]: [9c527dc19480f2eb847a8c05430cab8f] RESPONSE ClickElement
[1611576154.696][INFO]: [9c527dc19480f2eb847a8c05430cab8f] COMMAND SetTimeouts {
   "implicit": 60000
}
[1611576154.696][INFO]: [9c527dc19480f2eb847a8c05430cab8f] RESPONSE SetTimeouts
[1611576154.697][INFO]: [9c527dc19480f2eb847a8c05430cab8f] COMMAND FindElement {
   "using": "css selector",
   "value": "[id=\"done-button\"]"
}
[1611576154.697][INFO]: Waiting for pending navigations...
[1611576154.698][INFO]: Done waiting for pending navigations. Status: ok
[1611576154.708][INFO]: Waiting for pending navigations...
[1611576154.709][INFO]: Done waiting for pending navigations. Status: ok
[1611576154.709][INFO]: [9c527dc19480f2eb847a8c05430cab8f] RESPONSE FindElement {
   "element-6066-11e4-a52e-4f735466cecf": "b6b09b6e-8739-4945-ad59-9f33cc51f34f"
}
[1611576154.711][INFO]: [9c527dc19480f2eb847a8c05430cab8f] COMMAND ClickElement {
   "id": "b6b09b6e-8739-4945-ad59-9f33cc51f34f"
}
[1611576154.711][INFO]: Waiting for pending navigations...
[1611576154.712][INFO]: Done waiting for pending navigations. Status: ok
[1611576154.823][INFO]: Waiting for pending navigations...
[1611576154.853][INFO]: Done waiting for pending navigations. Status: ok
[1611576154.853][INFO]: [9c527dc19480f2eb847a8c05430cab8f] RESPONSE ClickElement
[1611576154.856][INFO]: [9c527dc19480f2eb847a8c05430cab8f] COMMAND FindElement {
   "using": "xpath",
   "value": "/html/body/ytcp-uploads-still-processing-dialog/ytcp-dialog/paper-dialog/div[3]/ytcp-button/div"
}
[1611576154.856][INFO]: Waiting for pending navigations...
[1611576154.857][INFO]: Done waiting for pending navigations. Status: ok
[1611576158.489][INFO]: Waiting for pending navigations...
[1611576158.551][INFO]: Done waiting for pending navigations. Status: ok
[1611576158.551][INFO]: [9c527dc19480f2eb847a8c05430cab8f] RESPONSE FindElement {
   "element-6066-11e4-a52e-4f735466cecf": "5c6a20dc-60fb-4439-8aa1-511836b99d14"
}
[1611576159.558][INFO]: [9c527dc19480f2eb847a8c05430cab8f] COMMAND FindElement {
   "using": "xpath",
   "value": "/html/body/ytcp-uploads-still-processing-dialog/ytcp-dialog/paper-dialog/div[3]/ytcp-button/div"
}
[1611576159.558][INFO]: Waiting for pending navigations...
[1611576159.559][INFO]: Done waiting for pending navigations. Status: ok
[1611576159.570][INFO]: Waiting for pending navigations...
[1611576159.571][INFO]: Done waiting for pending navigations. Status: ok
[1611576159.571][INFO]: [9c527dc19480f2eb847a8c05430cab8f] RESPONSE FindElement {
   "element-6066-11e4-a52e-4f735466cecf": "5c6a20dc-60fb-4439-8aa1-511836b99d14"
}
[1611576159.573][INFO]: [9c527dc19480f2eb847a8c05430cab8f] COMMAND ClickElement {
   "id": "5c6a20dc-60fb-4439-8aa1-511836b99d14"
}
[1611576159.573][INFO]: Waiting for pending navigations...
[1611576159.574][INFO]: Done waiting for pending navigations. Status: ok
[1611576159.639][INFO]: Waiting for pending navigations...
[1611576159.714][INFO]: Done waiting for pending navigations. Status: ok
[1611576159.714][INFO]: [9c527dc19480f2eb847a8c05430cab8f] RESPONSE ClickElement
[1611576161.718][INFO]: [9c527dc19480f2eb847a8c05430cab8f] COMMAND SetTimeouts {
   "implicit": 1000
}
[1611576161.718][INFO]: [9c527dc19480f2eb847a8c05430cab8f] RESPONSE SetTimeouts
[1611576161.719][INFO]: [9c527dc19480f2eb847a8c05430cab8f] COMMAND SetTimeouts {
   "implicit": 1000
}
[1611576161.719][INFO]: [9c527dc19480f2eb847a8c05430cab8f] RESPONSE SetTimeouts
[1611576161.720][INFO]: [9c527dc19480f2eb847a8c05430cab8f] COMMAND FindElement {
   "using": "xpath",
   "value": "/html/body/ytcp-uploads-mini-indicator/ytcp-multi-progress-monitor/paper-dialog/div/button/span"
}
[1611576161.720][INFO]: Waiting for pending navigations...
[1611576161.722][INFO]: Done waiting for pending navigations. Status: ok
[1611576162.750][INFO]: Waiting for pending navigations...
[1611576162.751][INFO]: Done waiting for pending navigations. Status: ok
[1611576162.751][INFO]: [9c527dc19480f2eb847a8c05430cab8f] RESPONSE FindElement ERROR no such element: Unable to locate element: {"method":"xpath","selector":"/html/body/ytcp-uploads-mini-indicator/ytcp-multi-progress-monitor/paper-dialog/div/button/span"}
  (Session info: chrome=88.0.4324.104)
[1611576162.753][INFO]: [9c527dc19480f2eb847a8c05430cab8f] COMMAND Navigate {
   "url": "https://studio.youtube.com"
}
[1611576162.753][INFO]: Waiting for pending navigations...
[1611576162.754][INFO]: Done waiting for pending navigations. Status: ok
[1611576163.232][INFO]: Waiting for pending navigations...
[1611576165.746][INFO]: Done waiting for pending navigations. Status: ok
[1611576165.746][INFO]: [9c527dc19480f2eb847a8c05430cab8f] RESPONSE Navigate
1611576853884	geckodriver	INFO	Listening on 127.0.0.1:55942
1611576856959	mozrunner::runner	INFO	Running command: "C:\\Program Files\\Mozilla Firefox\\firefox.exe" "--marionette" "-headless" "-foreground" "-no-remote" "-profile" "C:\\Users\\Vladimir\\AppData\\Local\\Temp\\rust_mozprofile1kuQOW"
*** You are running in headless mode.
console.warn: SearchSettings: "get: No settings file exists, new profile?" (new Error("", "(unknown module)"))
1611576859747	Marionette	INFO	Listening on port 55950
1611576860152	Marionette	WARN	TLS certificate errors will be ignored for this session
JavaScript warning: https://static.xx.fbcdn.net/rsrc.php/v3iqES4/yv/l/en_US/TCcvSASuOG4.js?_nc_x=Ij3Wp8lg5Kz, line 23: WebGL warning: <Create>: Can't use WebGL in headless mode (https://bugzil.la/1375585).
JavaScript warning: https://static.xx.fbcdn.net/rsrc.php/v3iqES4/yv/l/en_US/TCcvSASuOG4.js?_nc_x=Ij3Wp8lg5Kz, line 23: Failed to create WebGL context: WebGL creation failed: 
* Can't use WebGL in headless mode (https://bugzil.la/1375585).
JavaScript warning: https://static.xx.fbcdn.net/rsrc.php/v3iqES4/yv/l/en_US/TCcvSASuOG4.js?_nc_x=Ij3Wp8lg5Kz, line 23: WebGL warning: <Create>: Can't use WebGL in headless mode (https://bugzil.la/1375585).
JavaScript warning: https://static.xx.fbcdn.net/rsrc.php/v3iqES4/yv/l/en_US/TCcvSASuOG4.js?_nc_x=Ij3Wp8lg5Kz, line 23: Failed to create WebGL context: WebGL creation failed: 
* Can't use WebGL in headless mode (https://bugzil.la/1375585).
JavaScript warning: https://static.xx.fbcdn.net/rsrc.php/v3iJdi4/yH/l/en_US/1XqIaAyR8BbsvQ5qW7ZtWKfdox9n3ClDnafa9VvpCDMZYJoyBWvQ_86Vpk8cHfuRCQe2YHWMue8zHA0X9zXnpww7MN7rnhYQ51x.js?_nc_x=owKMMRmmIm7, line 859: WebGL warning: <Create>: Can't use WebGL in headless mode (https://bugzil.la/1375585).
JavaScript warning: https://static.xx.fbcdn.net/rsrc.php/v3iJdi4/yH/l/en_US/1XqIaAyR8BbsvQ5qW7ZtWKfdox9n3ClDnafa9VvpCDMZYJoyBWvQ_86Vpk8cHfuRCQe2YHWMue8zHA0X9zXnpww7MN7rnhYQ51x.js?_nc_x=owKMMRmmIm7, line 859: Failed to create WebGL context: WebGL creation failed: 
* Can't use WebGL in headless mode (https://bugzil.la/1375585).
JavaScript warning: https://static.xx.fbcdn.net/rsrc.php/v3iJdi4/yH/l/en_US/1XqIaAyR8BbsvQ5qW7ZtWKfdox9n3ClDnafa9VvpCDMZYJoyBWvQ_86Vpk8cHfuRCQe2YHWMue8zHA0X9zXnpww7MN7rnhYQ51x.js?_nc_x=owKMMRmmIm7, line 859: WebGL warning: <Create>: Can't use WebGL in headless mode (https://bugzil.la/1375585).
JavaScript warning: https://static.xx.fbcdn.net/rsrc.php/v3iJdi4/yH/l/en_US/1XqIaAyR8BbsvQ5qW7ZtWKfdox9n3ClDnafa9VvpCDMZYJoyBWvQ_86Vpk8cHfuRCQe2YHWMue8zHA0X9zXnpww7MN7rnhYQ51x.js?_nc_x=owKMMRmmIm7, line 859: Failed to create WebGL context: WebGL creation failed: 
* Can't use WebGL in headless mode (https://bugzil.la/1375585).
